warning: ignoring unsupported tag `MARKDOWN_SUPPORT       =' at line 291, file /home/travis/build/njazz/qtpd/DOXYGEN
warning: ignoring unsupported tag `AUTOLINK_SUPPORT       =' at line 299, file /home/travis/build/njazz/qtpd/DOXYGEN
warning: ignoring unsupported tag `EXTRACT_PACKAGE        =' at line 421, file /home/travis/build/njazz/qtpd/DOXYGEN
warning: ignoring unsupported tag `USE_MDFILE_AS_MAINPAGE =' at line 923, file /home/travis/build/njazz/qtpd/DOXYGEN
warning: ignoring unsupported tag `SOURCE_TOOLTIPS        =' at line 979, file /home/travis/build/njazz/qtpd/DOXYGEN
warning: ignoring unsupported tag `CLANG_ASSISTED_PARSING =' at line 1020, file /home/travis/build/njazz/qtpd/DOXYGEN
warning: ignoring unsupported tag `CLANG_OPTIONS          =' at line 1028, file /home/travis/build/njazz/qtpd/DOXYGEN
warning: ignoring unsupported tag `HTML_EXTRA_STYLESHEET  =' at line 1131, file /home/travis/build/njazz/qtpd/DOXYGEN
warning: ignoring unsupported tag `HTML_INDEX_NUM_ENTRIES =' at line 1200, file /home/travis/build/njazz/qtpd/DOXYGEN
warning: ignoring unsupported tag `MATHJAX_FORMAT         =' at line 1480, file /home/travis/build/njazz/qtpd/DOXYGEN
warning: ignoring unsupported tag `MATHJAX_CODEFILE       =' at line 1508, file /home/travis/build/njazz/qtpd/DOXYGEN
warning: ignoring unsupported tag `EXTERNAL_SEARCH        =' at line 1557, file /home/travis/build/njazz/qtpd/DOXYGEN
warning: ignoring unsupported tag `SEARCHENGINE_URL       =' at line 1568, file /home/travis/build/njazz/qtpd/DOXYGEN
warning: ignoring unsupported tag `SEARCHDATA_FILE        =' at line 1576, file /home/travis/build/njazz/qtpd/DOXYGEN
warning: ignoring unsupported tag `EXTERNAL_SEARCH_ID     =' at line 1584, file /home/travis/build/njazz/qtpd/DOXYGEN
warning: ignoring unsupported tag `EXTRA_SEARCH_MAPPINGS  =' at line 1594, file /home/travis/build/njazz/qtpd/DOXYGEN
warning: ignoring unsupported tag `LATEX_EXTRA_FILES      =' at line 1688, file /home/travis/build/njazz/qtpd/DOXYGEN
warning: ignoring unsupported tag `GENERATE_DOCBOOK       =' at line 1881, file /home/travis/build/njazz/qtpd/DOXYGEN
warning: ignoring unsupported tag `DOCBOOK_OUTPUT         =' at line 1889, file /home/travis/build/njazz/qtpd/DOXYGEN
warning: ignoring unsupported tag `EXTERNAL_PAGES         =' at line 2062, file /home/travis/build/njazz/qtpd/DOXYGEN
warning: ignoring unsupported tag `UML_LIMIT_NUM_FIELDS   =' at line 2184, file /home/travis/build/njazz/qtpd/DOXYGEN
Searching for include files...
Searching for example files...
Searching for images...
Searching for dot files...
Searching for msc files...
Searching for files to exclude
Searching for files to process...
Searching for files in directory /home/travis/build/njazz/qtpd/code_docs/qtpd
Searching for files in directory /home/travis/build/njazz/qtpd/code_docs/qtpd/.git
Searching for files in directory /home/travis/build/njazz/qtpd/code_docs/qtpd/.git/branches
Searching for files in directory /home/travis/build/njazz/qtpd/code_docs/qtpd/.git/hooks
Searching for files in directory /home/travis/build/njazz/qtpd/code_docs/qtpd/.git/info
Searching for files in directory /home/travis/build/njazz/qtpd/code_docs/qtpd/.git/logs
Searching for files in directory /home/travis/build/njazz/qtpd/code_docs/qtpd/.git/logs/refs
Searching for files in directory /home/travis/build/njazz/qtpd/code_docs/qtpd/.git/logs/refs/heads
Searching for files in directory /home/travis/build/njazz/qtpd/code_docs/qtpd/.git/logs/refs/remotes
Searching for files in directory /home/travis/build/njazz/qtpd/code_docs/qtpd/.git/logs/refs/remotes/origin
Searching for files in directory /home/travis/build/njazz/qtpd/code_docs/qtpd/.git/objects
Searching for files in directory /home/travis/build/njazz/qtpd/code_docs/qtpd/.git/objects/info
Searching for files in directory /home/travis/build/njazz/qtpd/code_docs/qtpd/.git/objects/pack
Searching for files in directory /home/travis/build/njazz/qtpd/code_docs/qtpd/.git/refs
Searching for files in directory /home/travis/build/njazz/qtpd/code_docs/qtpd/.git/refs/heads
Searching for files in directory /home/travis/build/njazz/qtpd/code_docs/qtpd/.git/refs/remotes
Searching for files in directory /home/travis/build/njazz/qtpd/code_docs/qtpd/.git/refs/remotes/origin
Searching for files in directory /home/travis/build/njazz/qtpd/code_docs/qtpd/.git/refs/tags
Reading and parsing tag files
Preprocessing /home/travis/build/njazz/qtpd/code_docs/qtpd/README.md...
Parsing file /home/travis/build/njazz/qtpd/code_docs/qtpd/README.md...
Building group list...
Building directory list...
Building namespace list...
Building file list...
Building class list...
Associating documentation with classes...
Computing nesting relations for classes...
Building example list...
Searching for enumerations...
Searching for documented typedefs...
Searching for members imported via using declarations...
Searching for included using directives...
Searching for documented variables...
Building member list...
Searching for friends...
Searching for documented defines...
Computing class inheritance relations...
Computing class usage relations...
Flushing cached template relations that have become invalid...
Creating members for template instances...
Computing class relations...
Add enum values to enums...
Searching for member function documentation...
Building page list...
Search for main page...
Computing page relations...
Determining the scope of groups...
Sorting lists...
Freeing entry tree
Determining which enums are documented
Computing member relations...
Building full member lists recursively...
Adding members to member groups.
Computing member references...
Inheriting documentation...
Generating disk names...
Adding source references...
Adding xrefitems...
Sorting member lists...
Generating citations page...
Counting data structures...
Resolving user defined references...
Finding anchors and sections in the documentation...
Combining using relations...
Adding members to index pages...
Generating style sheet...
Generating search indices...
Generating example documentation...
Generating file sources...
Generating file documentation...
Generating docs for file README.md...
Generating page documentation...
Generating group documentation...
Generating class documentation...
Generating namespace index...
Generating graph info page...
Generating index page...
Generating page index...
Generating module index...
Generating namespace index...
Generating namespace member index...
Generating annotated compound index...
Generating alphabetical compound index...
Generating hierarchical class index...
Generating member index...
Generating file index...
Generating file member index...
Generating example index...
finalizing index lists...
symbol cache used 0/65536 hits=0 misses=0
lookup cache used 0/65536 hits=0 misses=0
finished...
